Start testing: Jun 07 19:24 PDT
----------------------------------------------------------
1/1 Testing: test
1/1 Test: test
Command: "/home/pranav/C++/Stealth/Tensor3/build/test0"
Directory: /home/pranav/C++/Stealth/Tensor3/build
"test" start time: Jun 07 19:24 PDT
Output:
----------------------------------------------------------
PASSED Test testBlockception
PASSED Test testConstBlock
PASSED Test test2DBlockFrom2D
PASSED Test test2DBlockFrom3D
PASSED Test testCopy
PASSED Test testLargeSum
PASSED Test testBlockSum
PASSED Test testSum
PASSED Test test1DBroadcastOver2DSum
PASSED Test testScalarMultiply
PASSED Test testDenseStorageSmall
PASSED Test testDenseStorageLarge
PASSED Test testInitializerListAssignment
All tests passed!
<end of output>
Test time =   0.01 sec
----------------------------------------------------------
Test Passed.
"test" end time: Jun 07 19:24 PDT
"test" time elapsed: 00:00:00
----------------------------------------------------------

End testing: Jun 07 19:24 PDT
